nohup: ignoring input
[0;36mafl-multicore [1;37m1.32a[0m by rc0r <hlt99@blinkenshell.org> # @_rc0r
Wrapper script to easily set up parallel fuzzing jobs.

[1;32m[*] [0mStarting fuzzer instance(s)...
 Slave 000 started (PID: 18250)
 Slave 001 started (PID: 18251)
[1;32m[*] [0mCheck the newly created screen windows!
nohup: ignoring input
[0;36mafl-fuzz [1;97m2.52b[0m by <lcamtuf@google.com>
[1;92m[+] [0mLooks like we're not running on a tty, so I'll be a bit less verbose.[0m
[1;92m[+] [0mYou have 4 CPU cores and 4 runnable tasks (utilization: 100%).[0m
[1;94m[*] [0mChecking CPU core loadout...[0m
[1;92m[+] [0mFound a free CPU core, binding to #2.[0m
[1;94m[*] [0mChecking core_pattern...[0m
[1;94m[*] [0mSetting up output directories...[0m
[1;92m[+] [0mOutput directory exists, will attempt session resume.[0m
[1;94m[*] [0mDeleting old session data...[0m
[1;92m[+] [0mOutput dir cleanup successful.[0m
[1;94m[*] [0mScanning '/work/output/orthrus/.orthrus/jobs/routine/1089995536/afl-out/ASAN000/_resume'...[0m
[1;92m[+] [0mNo auto-generated dictionary tokens to reuse.[0m
[1;94m[*] [0mCreating hard links for all input files...[0m
[1;94m[*] [0mValidating target binary...[0m
[1;94m[*] [0mAttempting dry run with 'id:000000,orig:35041'...[0m
[1;94m[*] [0mSpinning up the fork server...[0m
[1;92m[+] [0mAll right - fork server is up.[0m
[1;90m    len = 3704, map size = 242, exec speed = 3756 us
[0m[1;94m[*] [0mAttempting dry run with 'id:000001,orig:id:000023,src:000000,op:havoc,rep:128,+cov'...[0m
[1;90m    len = 5198, map size = 210, exec speed = 3972 us
[0m[1;94m[*] [0mAttempting dry run with 'id:000002,orig:id:000026,src:000000,op:flip1,pos:556'...[0m
[1;90m    len = 8878, map size = 158, exec speed = 4274 us
[0m[1;94m[*] [0mAttempting dry run with 'id:000003,orig:id:000027,src:000000,op:havoc,rep:32,+cov'...[0m
[1;90m    len = 5453, map size = 99, exec speed = 3782 us
[0m[1;94m[*] [0mAttempting dry run with 'id:000004,orig:id:000038,src:000000,op:havoc,rep:128,+cov'...[0m
[1;90m    len = 4152, map size = 191, exec speed = 3838 us
[0m[1;94m[*] [0mAttempting dry run with 'id:000005,orig:id:000039,src:000000,op:havoc,rep:128'...[0m
[1;90m    len = 5497, map size = 271, exec speed = 4186 us
[0m[1;94m[*] [0mAttempting dry run with 'id:000006,orig:id:000040,src:000000,op:havoc,rep:128'...[0m
[1;90m    len = 5648, map size = 101, exec speed = 3405 us
[0m[1;94m[*] [0mAttempting dry run with 'id:000007,orig:id:000040,src:000000,op:havoc,rep:32'...[0m
[1;90m    len = 12, map size = 101, exec speed = 3633 us
[0m[1;94m[*] [0mAttempting dry run with 'id:000008,orig:id:000044,src:000000,op:havoc,rep:128,+cov'...[0m
[1;90m    len = 40, map size = 100, exec speed = 3763 us
[0m[1;94m[*] [0mAttempting dry run with 'id:000009,orig:id:000050,src:000000,op:havoc,rep:128'...[0m
[1;90m    len = 5144, map size = 267, exec speed = 4252 us
[0m[1;94m[*] [0mAttempting dry run with 'id:000010,orig:id:000051,src:000000,op:havoc,rep:128'...[0m
[1;90m    len = 4630, map size = 156, exec speed = 3920 us
[0m[1;94m[*] [0mAttempting dry run with 'id:000011,orig:id:000053,src:000000,op:havoc,rep:64'...[0m
[1;90m    len = 1479, map size = 228, exec speed = 3977 us
[0m[1;94m[*] [0mAttempting dry run with 'id:000012,orig:id:000059,src:000000,op:havoc,rep:64'...[0m
[1;90m    len = 8382, map size = 156, exec speed = 3664 us
[0m[1;93m[!] [1;97mWARNING: [0mNo new instrumentation output, test case may be useless.[0m
[1;94m[*] [0mAttempting dry run with 'id:000013,orig:id:000061,src:000000,op:havoc,rep:128'...[0m
[1;90m    len = 7086, map size = 156, exec speed = 3543 us
[0m[1;93m[!] [1;97mWARNING: [0mNo new instrumentation output, test case may be useless.[0m
[1;94m[*] [0mAttempting dry run with 'id:000014,orig:id:000064,src:000000,op:havoc,rep:64'...[0m
[1;90m    len = 1796, map size = 229, exec speed = 3779 us
[0m[1;94m[*] [0mAttempting dry run with 'id:000015,orig:id:000070,src:000000+000003,op:splice,rep:32,+cov'...[0m
[1;90m    len = 17632, map size = 156, exec speed = 3594 us
[0m[1;93m[!] [1;97mWARNING: [0mNo new instrumentation output, test case may be useless.[0m
[1;94m[*] [0mAttempting dry run with 'id:000016,orig:id:000079,sync:HARDEN001,src:000081,+cov'...[0m
[1;90m    len = 7894, map size = 156, exec speed = 3818 us
[0m[1;93m[!] [1;97mWARNING: [0mNo ne[0;36mafl-fuzz [1;97m2.52b[0m by <lcamtuf@google.com>
[1;92m[+] [0mLooks like we're not running on a tty, so I'll be a bit less verbose.[0m
[1;92m[+] [0mYou have 4 CPU cores and 4 runnable tasks (utilization: 100%).[0m
[1;94m[*] [0mChecking CPU core loadout...[0m
[1;92m[+] [0mFound a free CPU core, binding to #3.[0m
[1;94m[*] [0mChecking core_pattern...[0m
[1;94m[*] [0mSetting up output directories...[0m
[1;92m[+] [0mOutput directory exists, will attempt session resume.[0m
[1;94m[*] [0mDeleting old session data...[0m
[1;92m[+] [0mOutput dir cleanup successful.[0m
[1;94m[*] [0mScanning '/work/output/orthrus/.orthrus/jobs/routine/1089995536/afl-out/ASAN001/_resume'...[0m
[1;92m[+] [0mNo auto-generated dictionary tokens to reuse.[0m
[1;94m[*] [0mCreating hard links for all input files...[0m
[1;94m[*] [0mValidating target binary...[0m
[1;94m[*] [0mAttempting dry run with 'id:000000,orig:35041'...[0m
[1;94m[*] [0mSpinning up the fork server...[0m
[1;92m[+] [0mAll right - fork server is up.[0m
[1;90m    len = 3704, map size = 242, exec speed = 4608 us
[0m[1;94m[*] [0mAttempting dry run with 'id:000001,orig:id:000023,src:000000,op:havoc,rep:128,+cov'...[0m
[1;90m    len = 5198, map size = 210, exec speed = 3765 us
[0m[1;94m[*] [0mAttempting dry run with 'id:000002,orig:id:000026,src:000000,op:flip1,pos:556'...[0m
[1;90m    len = 8878, map size = 158, exec speed = 3928 us
[0m[1;94m[*] [0mAttempting dry run with 'id:000003,orig:id:000027,src:000000,op:havoc,rep:32,+cov'...[0m
[1;90m    len = 5453, map size = 99, exec speed = 3471 us
[0m[1;94m[*] [0mAttempting dry run with 'id:000004,orig:id:000038,src:000000,op:havoc,rep:128,+cov'...[0m
[1;90m    len = 4152, map size = 191, exec speed = 4035 us
[0m[1;94m[*] [0mAttempting dry run with 'id:000005,orig:id:000039,src:000000,op:havoc,rep:128'...[0m
[1;90m    len = 5497, map size = 271, exec speed = 4190 us
[0m[1;94m[*] [0mAttempting dry run with 'id:000006,orig:id:000040,src:000000,op:havoc,rep:128'...[0m
[1;90m    len = 5648, map size = 101, exec speed = 3886 us
[0m[1;94m[*] [0mAttempting dry run with 'id:000007,orig:id:000040,src:000000,op:havoc,rep:32'...[0m
[1;90m    len = 12, map size = 101, exec speed = 4069 us
[0m[1;94m[*] [0mAttempting dry run with 'id:000008,orig:id:000044,src:000000,op:havoc,rep:128,+cov'...[0m
[1;90m    len = 40, map size = 100, exec speed = 3794 us
[0m[1;94m[*] [0mAttempting dry run with 'id:000009,orig:id:000050,src:000000,op:havoc,rep:128'...[0m
[1;90m    len = 5144, map size = 267, exec speed = 4083 us
[0m[1;94m[*] [0mAttempting dry run with 'id:000010,orig:id:000051,src:000000,op:havoc,rep:128'...[0m
[1;90m    len = 4630, map size = 156, exec speed = 3371 us
[0m[1;94m[*] [0mAttempting dry run with 'id:000011,orig:id:000053,src:000000,op:havoc,rep:64'...[0m
[1;90m    len = 1479, map size = 228, exec speed = 3863 us
[0m[1;94m[*] [0mAttempting dry run with 'id:000012,orig:id:000059,src:000000,op:havoc,rep:64'...[0m
[1;90m    len = 8382, map size = 156, exec speed = 3553 us
[0m[1;93m[!] [1;97mWARNING: [0mNo new instrumentation output, test case may be useless.[0m
[1;94m[*] [0mAttempting dry run with 'id:000013,orig:id:000061,src:000000,op:havoc,rep:128'...[0m
[1;90m    len = 7086, map size = 156, exec speed = 3678 us
[0m[1;93m[!] [1;97mWARNING: [0mNo new instrumentation output, test case may be useless.[0m
[1;94m[*] [0mAttempting dry run with 'id:000014,orig:id:000064,src:000000,op:havoc,rep:64'...[0m
[1;90m    len = 1796, map size = 229, exec speed = 4133 us
[0m[1;94m[*] [0mAttempting dry run with 'id:000015,orig:id:000070,src:000000+000003,op:splice,rep:32,+cov'...[0m
[1;90m    len = 17632, map size = 156, exec speed = 3720 us
[0m[1;93m[!] [1;97mWARNING: [0mNo new instrumentation output, test case may be useless.[0m
[1;94m[*] [0mAttempting dry run with 'id:000016,orig:id:000079,sync:HARDEN001,src:000081,+cov'...[0m
[1;90m    len = 7894, map size = 156, exec speed = 3741 us
[0m[1;93m[!] [1;97mWARNING: [0mNo new instrumentation output, test case may be useless.[0m
[1;94m[*] [0mAttempting dry run with 'id:000017,orig:id:000080,src:000000+000003,op:splice,rep:8,+cov'...[0m
[1;90m    len = 10033, map size = 160, exec speed = 3725 us
[0m[1;94m[*] [0mAttempting dry run with 'id:000018,orig:id:000081,sync:ASAN000,src:000034'...[0m
[1;90m    len = 4384, map size = 192, exec speed = 3862 us
[0m[1;94m[*] [0mAttempting dry run with 'id:000019,orig:id:000081,sync:HARDEN001,src:000108'...[0m
[1;90m    len = 3035, map size = 196, exec speed = 3400 us
[0m[1;94m[*] [0mAttempting dry run with 'id:000020,orig:id:000082,src:000000+000003,op:splice,rep:64'...[0m
[1;90m    len = 10111, map size = 156, exec speed = 3346 us
[0m[1;93m[!] [1;97mWARNING: [0mNo new instrumentation output, test case may be useless.[0m
[1;94m[*] [0mAttempting dry run with 'id:000021,orig:id:000083,sync:HARDEN001,src:000106'...[0m
[1;90m    len = 4608, map size = 194, exec speed = 3912 us
[0m[1;94m[*] [0mAttempting dry run with 'id:000022,orig:id:000092,sync:ASAN000,src:000090,+cov'...[0m
[1;90m    len = 13041, map size = 160, exec speed = 3849 us
[0m[1;93m[!] [1;97mWARNING: [0mNo new instrumentation output, test case may be useless.[0m
[1;94m[*] [0mAttempting dry run with 'id:000023,orig:id:000095,sync:ASAN000,src:000092,+cov'...[0m
[1;90m    len = 437, map size = 166, exec speed = 3571 us
[0m[1;94m[*] [0mAttempting dry run with 'id:000024,orig:id:000097,sync:HARDEN001,src:000078,+cov'...[0m
[1;90m    len = 7754, map size = 156, exec speed = 3685 us
[0m[1;93m[!] [1;97mWARNING: [0mNo new instrumentation output, test case may be useless.[0m
[1;94m[*] [0mAttempting dry run with 'id:000025,orig:id:000100,src:000001,op:havoc,rep:128,+cov'...[0m
[1;90m    len = 6150, map size = 156, exec speed = 3817 us
[0m[1;93m[!] [1;97mWARNING: [0mNo new instrumentation output, test case may be useless.[0m
[1;94m[*] [0mAttempting dry run with 'id:000026,orig:id:000101,sync:HARDEN001,src:000084'...[0m
[1;90m    len = 17932, map size = 153, exec speed = 3673 us
[0m[1;94m[*] [0mAttempting dry run with 'id:000027,orig:id:000102,sync:HARDEN001,src:000110,+cov'...[0m
[1;90m    len = 2515, map size = 158, exec speed = 3647 us
[0m[1;94m[*] [0mAttempting dry run with 'id:000028,orig:id:000103,src:000001,op:havoc,rep:64'...[0m
[1;90m    len = 5262, map size = 156, exec speed = 3610 us
[0m[1;93m[!] [1;97mWARNING: [0mNo new instrumentation output, test case may be useless.[0m
[1;94m[*] [0mAttempting dry run with 'id:000029,orig:id:000103,sync:ASAN000,src:000093,+cov'...[0m
[1;90m    len = 8189, map size = 156, exec speed = 3775 us
[0m[1;94m[*] [0mAttempting dry run with 'id:000030,orig:id:000104,sync:ASAN000,src:000103'...[0m
[1;90m    len = 17628, map size = 302, exec speed = 4562 us
[0m[1;94m[*] [0mAttempting dry run with 'id:000031,orig:id:000105,src:000001,op:havoc,rep:64'...[0m
[1;90m    len = 6206, map size = 156, exec speed = 3321 us
[0m[1;93m[!] [1;97mWARNING: [0mNo new instrumentation output, test case may be useless.[0m
[1;94m[*] [0mAttempting dry run with 'id:000032,orig:id:000105,sync:HARDEN001,src:000113,+cov'...[0m
[1;90m    len = 2462, map size = 189, exec speed = 3347 us
[0m[1;94m[*] [0mAttempting dry run with 'id:000033,orig:id:000106,sync:HARDEN001,src:000086'...[0m
[1;90m    len = 17741, map size = 226, exec speed = 4371 us
[0m[1;94m[*] [0mAttempting dry run with 'id:000034,orig:id:000108,sync:ASAN000,src:000104'...[0m
[1;90m    len = 17744, map size = 156, exec speed = 3534 us
[0m[1;93m[!] [1;97mWARNING: [0mNo new instrumentation output, test case may be useless.[0m
[1;94m[*] [0mAttempting dry run with 'id:000035,orig:id:000109,src:000005+000098,op:splice,rep:32,+cov'...[0m
[1;90m    len = 13532, map size = 156, exec speed = 3910 us
[0m[1;93m[!] [1;97mWARNING: [0mNo new instrumentation output, test case may be useless.[0m
[1;94m[*] [0mAttempting dry run with 'id:000036,orig:id:000111,src:000006,op:havoc,rep:64'...[0m
[1;90m    len = 2881, map size = 210w instrumentation output, test case may be useless.[0m
[1;94m[*] [0mAttempting dry run with 'id:000017,orig:id:000080,src:000000+000003,op:splice,rep:8,+cov'...[0m
[1;90m    len = 10033, map size = 160, exec speed = 5523 us
[0m[1;94m[*] [0mAttempting dry run with 'id:000018,orig:id:000081,sync:ASAN000,src:000034'...[0m
[1;90m    len = 4384, map size = 192, exec speed = 3403 us
[0m[1;94m[*] [0mAttempting dry run with 'id:000019,orig:id:000081,sync:HARDEN001,src:000108'...[0m
[1;90m    len = 3035, map size = 196, exec speed = 3405 us
[0m[1;94m[*] [0mAttempting dry run with 'id:000020,orig:id:000082,src:000000+000003,op:splice,rep:64'...[0m
[1;90m    len = 10111, map size = 156, exec speed = 3722 us
[0m[1;93m[!] [1;97mWARNING: [0mNo new instrumentation output, test case may be useless.[0m
[1;94m[*] [0mAttempting dry run with 'id:000021,orig:id:000083,sync:HARDEN001,src:000106'...[0m
[1;90m    len = 4608, map size = 194, exec speed = 3944 us
[0m[1;94m[*] [0mAttempting dry run with 'id:000022,orig:id:000092,sync:ASAN000,src:000090,+cov'...[0m
[1;90m    len = 13041, map size = 160, exec speed = 3726 us
[0m[1;93m[!] [1;97mWARNING: [0mNo new instrumentation output, test case may be useless.[0m
[1;94m[*] [0mAttempting dry run with 'id:000023,orig:id:000095,sync:ASAN000,src:000092,+cov'...[0m
[1;90m    len = 437, map size = 166, exec speed = 3770 us
[0m[1;94m[*] [0mAttempting dry run with 'id:000024,orig:id:000097,sync:HARDEN001,src:000078,+cov'...[0m
[1;90m    len = 7754, map size = 156, exec speed = 3640 us
[0m[1;93m[!] [1;97mWARNING: [0mNo new instrumentation output, test case may be useless.[0m
[1;94m[*] [0mAttempting dry run with 'id:000025,orig:id:000100,src:000001,op:havoc,rep:128,+cov'...[0m
[1;90m    len = 6150, map size = 156, exec speed = 3615 us
[0m[1;93m[!] [1;97mWARNING: [0mNo new instrumentation output, test case may be useless.[0m
[1;94m[*] [0mAttempting dry run with 'id:000026,orig:id:000101,sync:HARDEN001,src:000084'...[0m
[1;90m    len = 17932, map size = 153, exec speed = 3625 us
[0m[1;94m[*] [0mAttempting dry run with 'id:000027,orig:id:000102,sync:HARDEN001,src:000110,+cov'...[0m
[1;90m    len = 2515, map size = 158, exec speed = 3865 us
[0m[1;94m[*] [0mAttempting dry run with 'id:000028,orig:id:000103,src:000001,op:havoc,rep:64'...[0m
[1;90m    len = 5262, map size = 156, exec speed = 3443 us
[0m[1;93m[!] [1;97mWARNING: [0mNo new instrumentation output, test case may be useless.[0m
[1;94m[*] [0mAttempting dry run with 'id:000029,orig:id:000103,sync:ASAN000,src:000093,+cov'...[0m
[1;90m    len = 8189, map size = 156, exec speed = 3386 us
[0m[1;94m[*] [0mAttempting dry run with 'id:000030,orig:id:000104,sync:ASAN000,src:000103'...[0m
[1;90m    len = 17628, map size = 302, exec speed = 4556 us
[0m[1;94m[*] [0mAttempting dry run with 'id:000031,orig:id:000105,src:000001,op:havoc,rep:64'...[0m
[1;90m    len = 6206, map size = 156, exec speed = 3718 us
[0m[1;93m[!] [1;97mWARNING: [0mNo new instrumentation output, test case may be useless.[0m
[1;94m[*] [0mAttempting dry run with 'id:000032,orig:id:000105,sync:HARDEN001,src:000113,+cov'...[0m
[1;90m    len = 2462, map size = 189, exec speed = 3695 us
[0m[1;94m[*] [0mAttempting dry run with 'id:000033,orig:id:000106,sync:HARDEN001,src:000086'...[0m
[1;90m    len = 17741, map size = 226, exec speed = 4236 us
[0m[1;94m[*] [0mAttempting dry run with 'id:000034,orig:id:000108,sync:ASAN000,src:000104'...[0m
[1;90m    len = 17744, map size = 156, exec speed = 3872 us
[0m[1;93m[!] [1;97mWARNING: [0mNo new instrumentation output, test case may be useless.[0m
[1;94m[*] [0mAttempting dry run with 'id:000035,orig:id:000109,src:000005+000098,op:splice,rep:32,+cov'...[0m
[1;90m    len = 13532, map size = 156, exec speed = 4009 us
[0m[1;93m[!] [1;97mWARNING: [0mNo new instrumentation output, test case may be useless.[0m
[1;94m[*] [0mAttempting dry run with 'id:000036,orig:id:000111,src:000006,op:havoc,rep:64'...[0m
[1;90m    len = 2881, map size = 210, exec speed = 3886 us
[0m[1;93m[!] [1;97mWARNING: [0mNo new instrumentation output, test case may be useless.[0m
[1;94m[*] [0mAttempting dry run with 'id:000037,orig:id:000117,sync:HARDEN001,src:000130'...[0m
[1;90m    len = 360, map size = 185, exec speed = 3916 us
[0m[1;94m[*] [0mAttempting dry run with 'id:000038,orig:id:000123,src:000006+000113,op:splice,rep:64'...[0m
[1;90m    len = 574, map size = 185, exec speed = 3875 us
[0m[1;94m[*] [0mAttempting dry run with 'id:000039,orig:id:000123,sync:ASAN001,src:000115,+cov'...[0m
[1;90m    len = 388, map size = 141, exec speed = 3937 us
[0m[1;94m[*] [0mAttempting dry run with 'id:000040,orig:id:000124,src:000003,op:havoc,rep:8'...[0m
[1;90m    len = 560, map size = 144, exec speed = 3777 us
[0m[1;93m[!] [1;97mWARNING: [0mNo new instrumentation output, test case may be useless.[0m
[1;94m[*] [0mAttempting dry run with 'id:000041,orig:id:000124,src:000006+000113,op:splice,rep:4,+cov'...[0m
[1;90m    len = 481, map size = 210, exec speed = 3660 us
[0m[1;94m[*] [0mAttempting dry run with 'id:000042,orig:id:000126,src:000003,op:havoc,rep:32,+cov'...[0m
[1;90m    len = 388, map size = 92, exec speed = 3570 us
[0m[1;93m[!] [1;97mWARNING: [0mNo new instrumentation output, test case may be useless.[0m
[1;94m[*] [0mAttempting dry run with 'id:000043,orig:id:000128,src:000003,op:havoc,rep:32'...[0m
[1;90m    len = 522, map size = 94, exec speed = 3691 us
[0m[1;94m[*] [0mAttempting dry run with 'id:000044,orig:id:000129,src:000003,op:havoc,rep:128,+cov'...[0m
[1;90m    len = 163, map size = 99, exec speed = 3920 us
[0m[1;94m[*] [0mAttempting dry run with 'id:000045,orig:id:000130,sync:ASAN000,src:000113'...[0m
[1;90m    len = 3300, map size = 199, exec speed = 3631 us
[0m[1;94m[*] [0mAttempting dry run with 'id:000046,orig:id:000134,src:000005,op:havoc,rep:8'...[0m
[1;90m    len = 13242, map size = 156, exec speed = 3277 us
[0m[1;93m[!] [1;97mWARNING: [0mNo new instrumentation output, test case may be useless.[0m
[1;94m[*] [0mAttempting dry run with 'id:000047,orig:id:000134,sync:HARDEN001,src:000157,+cov'...[0m
[1;90m    len = 7615, map size = 160, exec speed = 3597 us
[0m[1;93m[!] [1;97mWARNING: [0mNo new instrumentation output, test case may be useless.[0m
[1;94m[*] [0mAttempting dry run with 'id:000048,orig:id:000135,src:000005,op:havoc,rep:64'...[0m
[1;90m    len = 12155, map size = 156, exec speed = 3772 us
[0m[1;93m[!] [1;97mWARNING: [0mNo new instrumentation output, test case may be useless.[0m
[1;94m[*] [0mAttempting dry run with 'id:000049,orig:id:000136,src:000005+000081,op:splice,rep:64'...[0m
[1;90m    len = 17333, map size = 156, exec speed = 3930 us
[0m[1;93m[!] [1;97mWARNING: [0mNo new instrumentation output, test case may be useless.[0m
[1;94m[*] [0mAttempting dry run with 'id:000050,orig:id:000136,src:000090+000133,op:splice,rep:8'...[0m
[1;90m    len = 431, map size = 95, exec speed = 3907 us
[0m[1;94m[*] [0mAttempting dry run with 'id:000051,orig:id:000138,src:000005+000081,op:splice,rep:128'...[0m
[1;90m    len = 17588, map size = 220, exec speed = 4366 us
[0m[1;94m[*] [0mAttempting dry run with 'id:000052,orig:id:000139,src:000005+000096,op:splice,rep:128'...[0m
[1;90m    len = 5422, map size = 158, exec speed = 3874 us
[0m[1;93m[!] [1;97mWARNING: [0mNo new instrumentation output, test case may be useless.[0m
[1;94m[*] [0mAttempting dry run with 'id:000053,orig:id:000140,sync:ASAN000,src:000135'...[0m
[1;90m    len = 12572, map size = 164, exec speed = 3839 us
[0m[1;94m[*] [0mAttempting dry run with 'id:000054,orig:id:000142,src:000006+000130,op:splice,rep:128,+cov'...[0m
[1;90m    len = 6, map size = 87, exec speed = 3624 us
[0m[1;94m[*] [0mAttempting dry run with 'id:000055,orig:id:000143,src:000006+000134,op:splice,rep:32'...[0m
[1;90m    len = 575, map size = 95, exec speed = 3870 us
[0m[1;94m[*] [0mAttempting dry run with 'id:000056,orig:id:000143,sync:HARDEN001,src:000165'...[0m
[1;90m    len = 447, map size = 238, exec speed , exec speed = 3807 us
[0m[1;93m[!] [1;97mWARNING: [0mNo new instrumentation output, test case may be useless.[0m
[1;94m[*] [0mAttempting dry run with 'id:000037,orig:id:000117,sync:HARDEN001,src:000130'...[0m
[1;90m    len = 360, map size = 185, exec speed = 3919 us
[0m[1;94m[*] [0mAttempting dry run with 'id:000038,orig:id:000123,src:000006+000113,op:splice,rep:64'...[0m
[1;90m    len = 574, map size = 185, exec speed = 3673 us
[0m[1;94m[*] [0mAttempting dry run with 'id:000039,orig:id:000123,sync:ASAN001,src:000115,+cov'...[0m
[1;90m    len = 388, map size = 141, exec speed = 3642 us
[0m[1;94m[*] [0mAttempting dry run with 'id:000040,orig:id:000124,src:000003,op:havoc,rep:8'...[0m
[1;90m    len = 560, map size = 144, exec speed = 3659 us
[0m[1;93m[!] [1;97mWARNING: [0mNo new instrumentation output, test case may be useless.[0m
[1;94m[*] [0mAttempting dry run with 'id:000041,orig:id:000124,src:000006+000113,op:splice,rep:4,+cov'...[0m
[1;90m    len = 481, map size = 210, exec speed = 3754 us
[0m[1;94m[*] [0mAttempting dry run with 'id:000042,orig:id:000126,src:000003,op:havoc,rep:32,+cov'...[0m
[1;90m    len = 388, map size = 92, exec speed = 3833 us
[0m[1;93m[!] [1;97mWARNING: [0mNo new instrumentation output, test case may be useless.[0m
[1;94m[*] [0mAttempting dry run with 'id:000043,orig:id:000128,src:000003,op:havoc,rep:32'...[0m
[1;90m    len = 522, map size = 94, exec speed = 3420 us
[0m[1;94m[*] [0mAttempting dry run with 'id:000044,orig:id:000129,src:000003,op:havoc,rep:128,+cov'...[0m
[1;90m    len = 163, map size = 99, exec speed = 3304 us
[0m[1;94m[*] [0mAttempting dry run with 'id:000045,orig:id:000130,sync:ASAN000,src:000113'...[0m
[1;90m    len = 3300, map size = 199, exec speed = 3928 us
[0m[1;94m[*] [0mAttempting dry run with 'id:000046,orig:id:000134,src:000005,op:havoc,rep:8'...[0m
[1;90m    len = 13242, map size = 156, exec speed = 3740 us
[0m[1;93m[!] [1;97mWARNING: [0mNo new instrumentation output, test case may be useless.[0m
[1;94m[*] [0mAttempting dry run with 'id:000047,orig:id:000134,sync:HARDEN001,src:000157,+cov'...[0m
[1;90m    len = 7615, map size = 160, exec speed = 3872 us
[0m[1;93m[!] [1;97mWARNING: [0mNo new instrumentation output, test case may be useless.[0m
[1;94m[*] [0mAttempting dry run with 'id:000048,orig:id:000135,src:000005,op:havoc,rep:64'...[0m
[1;90m    len = 12155, map size = 156, exec speed = 3898 us
[0m[1;93m[!] [1;97mWARNING: [0mNo new instrumentation output, test case may be useless.[0m
[1;94m[*] [0mAttempting dry run with 'id:000049,orig:id:000136,src:000005+000081,op:splice,rep:64'...[0m
[1;90m    len = 17333, map size = 156, exec speed = 3480 us
[0m[1;93m[!] [1;97mWARNING: [0mNo new instrumentation output, test case may be useless.[0m
[1;94m[*] [0mAttempting dry run with 'id:000050,orig:id:000136,src:000090+000133,op:splice,rep:8'...[0m
[1;90m    len = 431, map size = 95, exec speed = 3747 us
[0m[1;94m[*] [0mAttempting dry run with 'id:000051,orig:id:000138,src:000005+000081,op:splice,rep:128'...[0m
[1;90m    len = 17588, map size = 220, exec speed = 4347 us
[0m[1;94m[*] [0mAttempting dry run with 'id:000052,orig:id:000139,src:000005+000096,op:splice,rep:128'...[0m
[1;90m    len = 5422, map size = 158, exec speed = 3659 us
[0m[1;93m[!] [1;97mWARNING: [0mNo new instrumentation output, test case may be useless.[0m
[1;94m[*] [0mAttempting dry run with 'id:000053,orig:id:000140,sync:ASAN000,src:000135'...[0m
[1;90m    len = 12572, map size = 164, exec speed = 3888 us
[0m[1;94m[*] [0mAttempting dry run with 'id:000054,orig:id:000142,src:000006+000130,op:splice,rep:128,+cov'...[0m
[1;90m    len = 6, map size = 87, exec speed = 3703 us
[0m[1;94m[*] [0mAttempting dry run with 'id:000055,orig:id:000143,src:000006+000134,op:splice,rep:32'...[0m
[1;90m    len = 575, map size = 95, exec speed = 3475 us
[0m[1;94m[*] [0mAttempting dry run with 'id:000056,orig:id:000143,sync:HARDEN001,src:000165'...[0m
[1;90m    len = 447, map size = 238, exec speed = 3883 us
[0m[1;94m[*] [0mAttempting dry run with 'id:000057,orig:id:000144,sync:HARDEN001,src:000167'...[0m
[1;90m    len = 2286, map size = 208, exec speed = 3818 us
[0m[1;93m[!] [1;97mWARNING: [0mNo new instrumentation output, test case may be useless.[0m
[1;94m[*] [0mAttempting dry run with 'id:000058,orig:id:000147,src:000038,op:havoc,rep:128'...[0m
[1;90m    len = 5916, map size = 156, exec speed = 3426 us
[0m[1;93m[!] [1;97mWARNING: [0mNo new instrumentation output, test case may be useless.[0m
[1;94m[*] [0mAttempting dry run with 'id:000059,orig:id:000147,sync:ASAN000,src:000146,+cov'...[0m
[1;90m    len = 5088, map size = 209, exec speed = 3795 us
[0m[1;94m[*] [0mAttempting dry run with 'id:000060,orig:id:000148,src:000038,op:havoc,rep:64'...[0m
[1;90m    len = 7962, map size = 156, exec speed = 3826 us
[0m[1;93m[!] [1;97mWARNING: [0mNo new instrumentation output, test case may be useless.[0m
[1;94m[*] [0mAttempting dry run with 'id:000061,orig:id:000148,sync:ASAN000,src:000142'...[0m
[1;90m    len = 6881, map size = 156, exec speed = 3637 us
[0m[1;93m[!] [1;97mWARNING: [0mNo new instrumentation output, test case may be useless.[0m
[1;94m[*] [0mAttempting dry run with 'id:000062,orig:id:000149,src:000072+000077,op:splice,rep:16'...[0m
[1;90m    len = 17613, map size = 210, exec speed = 3310 us
[0m[1;93m[!] [1;97mWARNING: [0mNo new instrumentation output, test case may be useless.[0m
[1;94m[*] [0mAttempting dry run with 'id:000063,orig:id:000151,sync:ASAN000,src:000147,+cov'...[0m
[1;90m    len = 321, map size = 138, exec speed = 3261 us
[0m[1;94m[*] [0mAttempting dry run with 'id:000064,orig:id:000154,sync:ASAN001,src:000127'...[0m
[1;90m    len = 564, map size = 168, exec speed = 3773 us
[0m[1;94m[*] [0mAttempting dry run with 'id:000065,orig:id:000156,sync:ASAN000,src:000126'...[0m
[1;90m    len = 2390, map size = 208, exec speed = 3388 us
[0m[1;93m[!] [1;97mWARNING: [0mNo new instrumentation output, test case may be useless.[0m
[1;94m[*] [0mAttempting dry run with 'id:000066,orig:id:000158,src:000080+000076,op:splice,rep:32'...[0m
[1;90m    len = 17757, map size = 309, exec speed = 4715 us
[0m[1;94m[*] [0mAttempting dry run with 'id:000067,orig:id:000159,src:000107,op:havoc,rep:128'...[0m
[1;90m    len = 4048, map size = 198, exec speed = 3836 us
[0m[1;94m[*] [0mAttempting dry run with 'id:000068,orig:id:000160,sync:ASAN000,src:000154'...[0m
[1;90m    len = 7922, map size = 210, exec speed = 3566 us
[0m[1;93m[!] [1;97mWARNING: [0mNo new instrumentation output, test case may be useless.[0m
[1;94m[*] [0mAttempting dry run with 'id:000069,orig:id:000161,sync:ASAN000,src:000128'...[0m
[1;90m    len = 408, map size = 95, exec speed = 3444 us
[0m[1;94m[*] [0mAttempting dry run with 'id:000070,orig:id:000162,src:000114+000007,op:splice,rep:64'...[0m
[1;90m    len = 17038, map size = 156, exec speed = 3714 us
[0m[1;93m[!] [1;97mWARNING: [0mNo new instrumentation output, test case may be useless.[0m
[1;94m[*] [0mAttempting dry run with 'id:000071,orig:id:000164,src:000140+000102,op:splice,rep:64'...[0m
[1;90m    len = 4008, map size = 272, exec speed = 4155 us
[0m[1;93m[!] [1;97mWARNING: [0mNo new instrumentation output, test case may be useless.[0m
[1;94m[*] [0mAttempting dry run with 'id:000072,orig:id:000166,src:000155,op:havoc,rep:4'...[0m
[1;90m    len = 565, map size = 214, exec speed = 3690 us
[0m[1;94m[*] [0mAttempting dry run with 'id:000073,orig:id:000168,src:000156,op:havoc,rep:128'...[0m
[1;90m    len = 2280, map size = 193, exec speed = 3603 us
[0m[1;94m[*] [0mAttempting dry run with 'id:000074,orig:id:000169,src:000156,op:havoc,rep:64'...[0m
[1;90m    len = 2224, map size = 194, exec speed = 3451 us
[0m[1;94m[*] [0mAttempting dry run with 'id:000075,orig:id:000171,sync:ASAN000,src:000137,+cov'...[0m
[1;90m    len = 406, map size = 137, exec speed = 3360 us
[0m[1;94m[*] [0mAttempting dry run with 'id:000076,orig:id:000173,src:000172+000154,op:splice,rep:8,+cov'...[0m
[1;9= 3740 us
[0m[1;94m[*] [0mAttempting dry run with 'id:000057,orig:id:000144,sync:HARDEN001,src:000167'...[0m
[1;90m    len = 2286, map size = 208, exec speed = 3460 us
[0m[1;93m[!] [1;97mWARNING: [0mNo new instrumentation output, test case may be useless.[0m
[1;94m[*] [0mAttempting dry run with 'id:000058,orig:id:000147,src:000038,op:havoc,rep:128'...[0m
[1;90m    len = 5916, map size = 156, exec speed = 3829 us
[0m[1;93m[!] [1;97mWARNING: [0mNo new instrumentation output, test case may be useless.[0m
[1;94m[*] [0mAttempting dry run with 'id:000059,orig:id:000147,sync:ASAN000,src:000146,+cov'...[0m
[1;90m    len = 5088, map size = 209, exec speed = 3629 us
[0m[1;94m[*] [0mAttempting dry run with 'id:000060,orig:id:000148,src:000038,op:havoc,rep:64'...[0m
[1;90m    len = 7962, map size = 156, exec speed = 3231 us
[0m[1;93m[!] [1;97mWARNING: [0mNo new instrumentation output, test case may be useless.[0m
[1;94m[*] [0mAttempting dry run with 'id:000061,orig:id:000148,sync:ASAN000,src:000142'...[0m
[1;90m    len = 6881, map size = 156, exec speed = 3266 us
[0m[1;93m[!] [1;97mWARNING: [0mNo new instrumentation output, test case may be useless.[0m
[1;94m[*] [0mAttempting dry run with 'id:000062,orig:id:000149,src:000072+000077,op:splice,rep:16'...[0m
[1;90m    len = 17613, map size = 210, exec speed = 3889 us
[0m[1;93m[!] [1;97mWARNING: [0mNo new instrumentation output, test case may be useless.[0m
[1;94m[*] [0mAttempting dry run with 'id:000063,orig:id:000151,sync:ASAN000,src:000147,+cov'...[0m
[1;90m    len = 321, map size = 138, exec speed = 3279 us
[0m[1;94m[*] [0mAttempting dry run with 'id:000064,orig:id:000154,sync:ASAN001,src:000127'...[0m
[1;90m    len = 564, map size = 168, exec speed = 3271 us
[0m[1;94m[*] [0mAttempting dry run with 'id:000065,orig:id:000156,sync:ASAN000,src:000126'...[0m
[1;90m    len = 2390, map size = 208, exec speed = 3538 us
[0m[1;93m[!] [1;97mWARNING: [0mNo new instrumentation output, test case may be useless.[0m
[1;94m[*] [0mAttempting dry run with 'id:000066,orig:id:000158,src:000080+000076,op:splice,rep:32'...[0m
[1;90m    len = 17757, map size = 309, exec speed = 4589 us
[0m[1;94m[*] [0mAttempting dry run with 'id:000067,orig:id:000159,src:000107,op:havoc,rep:128'...[0m
[1;90m    len = 4048, map size = 198, exec speed = 3685 us
[0m[1;94m[*] [0mAttempting dry run with 'id:000068,orig:id:000160,sync:ASAN000,src:000154'...[0m
[1;90m    len = 7922, map size = 210, exec speed = 3819 us
[0m[1;93m[!] [1;97mWARNING: [0mNo new instrumentation output, test case may be useless.[0m
[1;94m[*] [0mAttempting dry run with 'id:000069,orig:id:000161,sync:ASAN000,src:000128'...[0m
[1;90m    len = 408, map size = 95, exec speed = 3485 us
[0m[1;94m[*] [0mAttempting dry run with 'id:000070,orig:id:000162,src:000114+000007,op:splice,rep:64'...[0m
[1;90m    len = 17038, map size = 156, exec speed = 3975 us
[0m[1;93m[!] [1;97mWARNING: [0mNo new instrumentation output, test case may be useless.[0m
[1;94m[*] [0mAttempting dry run with 'id:000071,orig:id:000164,src:000140+000102,op:splice,rep:64'...[0m
[1;90m    len = 4008, map size = 272, exec speed = 3927 us
[0m[1;93m[!] [1;97mWARNING: [0mNo new instrumentation output, test case may be useless.[0m
[1;94m[*] [0mAttempting dry run with 'id:000072,orig:id:000166,src:000155,op:havoc,rep:4'...[0m
[1;90m    len = 565, map size = 214, exec speed = 3531 us
[0m[1;94m[*] [0mAttempting dry run with 'id:000073,orig:id:000168,src:000156,op:havoc,rep:128'...[0m
[1;90m    len = 2280, map size = 193, exec speed = 3264 us
[0m[1;94m[*] [0mAttempting dry run with 'id:000074,orig:id:000169,src:000156,op:havoc,rep:64'...[0m
[1;90m    len = 2224, map size = 194, exec speed = 3791 us
[0m[1;94m[*] [0mAttempting dry run with 'id:000075,orig:id:000171,sync:ASAN000,src:000137,+cov'...[0m
[1;90m    len = 406, map size = 137, exec speed = 3833 us
[0m[1;94m[*] [0mAttempting dry run with 'id:000076,orig:id:000173,src:000172+000154,op:splice,rep:8,+cov'...[0m
[1;90m    len = 333, map size = 137, exec speed = 3730 us
[0m[1;93m[!] [1;97mWARNING: [0mNo new instrumentation output, test case may be useless.[0m
[1;94m[*] [0mAttempting dry run with 'id:000077,orig:id:000175,src:000173,op:havoc,rep:128,+cov'...[0m
[1;90m    len = 163, map size = 97, exec speed = 3771 us
[0m[1;94m[*] [0mAttempting dry run with 'id:000078,orig:id:000176,src:000175,op:havoc,rep:8'...[0m
[1;90m    len = 144, map size = 94, exec speed = 3613 us
[0m[1;94m[*] [0mAttempting dry run with 'id:000079,orig:id:000177,src:000175,op:havoc,rep:8'...[0m
[1;90m    len = 143, map size = 93, exec speed = 3252 us
[0m[1;94m[*] [0mAttempting dry run with 'id:000080,orig:id:000178,sync:ASAN000,src:000149'...[0m
[1;90m    len = 17727, map size = 194, exec speed = 4131 us
[0m[1;94m[*] [0mAttempting dry run with 'id:000081,orig:id:000179,sync:ASAN001,src:000154,+cov'...[0m
[1;90m    len = 135, map size = 90, exec speed = 3411 us
[0m[1;94m[*] [0mAttempting dry run with 'id:000082,orig:id:000182,src:000106+000020,op:splice,rep:64'...[0m
[1;90m    len = 8582, map size = 265, exec speed = 4192 us
[0m[1;94m[*] [0mAttempting dry run with 'id:000083,orig:id:000184,src:000106+000056,op:splice,rep:128'...[0m
[1;90m    len = 8605, map size = 156, exec speed = 3261 us
[0m[1;93m[!] [1;97mWARNING: [0mNo new instrumentation output, test case may be useless.[0m
[1;94m[*] [0mAttempting dry run with 'id:000084,orig:id:000185,src:000035+000182,op:splice,rep:64'...[0m
[1;90m    len = 17804, map size = 192, exec speed = 4073 us
[0m[1;94m[*] [0mAttempting dry run with 'id:000085,orig:id:000186,sync:ASAN000,src:000155'...[0m
[1;90m    len = 564, map size = 168, exec speed = 3472 us
[0m[1;94m[*] [0mAttempting dry run with 'id:000086,orig:id:000187,src:000077+000122,op:splice,rep:128'...[0m
[1;90m    len = 17395, map size = 156, exec speed = 3667 us
[0m[1;93m[!] [1;97mWARNING: [0mNo new instrumentation output, test case may be useless.[0m
[1;94m[*] [0mAttempting dry run with 'id:000087,orig:id:000188,sync:ASAN001,src:000161'...[0m
[1;90m    len = 17825, map size = 253, exec speed = 4235 us
[0m[1;94m[*] [0mAttempting dry run with 'id:000088,orig:id:000189,src:000106+000182,op:splice,rep:64,+cov'...[0m
[1;90m    len = 6920, map size = 278, exec speed = 4397 us
[0m[1;94m[*] [0mAttempting dry run with 'id:000089,orig:id:000190,src:000189+000081,op:splice,rep:128'...[0m
[1;90m    len = 9205, map size = 156, exec speed = 3763 us
[0m[1;93m[!] [1;97mWARNING: [0mNo new instrumentation output, test case may be useless.[0m
[1;92m[+] [0mAll test cases processed.[0m

[1;93m[!] [1;97mWARNING: [0mSome test cases are big (17.5 kB) - see /usr/local/share/doc/afl/perf_tips.txt.[0m
[1;93m[!] [1;97mWARNING: [0m[1;91mSome test cases look useless. Consider using a smaller set.[0m
[1;93m[!] [1;97mWARNING: [0mYou have lots of input files; try starting small.[0m
[1;92m[+] [0mHere are some useful stats:

[1;90m    Test case count : [0m30 favored, 0 variable, 90 total
[1;90m       Bitmap range : [0m87 to 309 bits (average: 172.01 bits)
[1;90m        Exec timing : [0m3252 to 4715 us (average: 3762 us)
[0m
[1;92m[+] [0mAll set and ready to roll![0m
[1;94m[*] [0mEntering queue cycle 1.[0m
[1;94m[*] [0mFuzzing test case #0 (90 total, 0 uniq crashes found)...[0m
0m    len = 333, map size = 137, exec speed = 3552 us
[0m[1;93m[!] [1;97mWARNING: [0mNo new instrumentation output, test case may be useless.[0m
[1;94m[*] [0mAttempting dry run with 'id:000077,orig:id:000175,src:000173,op:havoc,rep:128,+cov'...[0m
[1;90m    len = 163, map size = 97, exec speed = 3271 us
[0m[1;94m[*] [0mAttempting dry run with 'id:000078,orig:id:000176,src:000175,op:havoc,rep:8'...[0m
[1;90m    len = 144, map size = 94, exec speed = 3259 us
[0m[1;94m[*] [0mAttempting dry run with 'id:000079,orig:id:000177,src:000175,op:havoc,rep:8'...[0m
[1;90m    len = 143, map size = 93, exec speed = 3555 us
[0m[1;94m[*] [0mAttempting dry run with 'id:000080,orig:id:000178,sync:ASAN000,src:000149'...[0m
[1;90m    len = 17727, map size = 194, exec speed = 4010 us
[0m[1;94m[*] [0mAttempting dry run with 'id:000081,orig:id:000179,sync:ASAN001,src:000154,+cov'...[0m
[1;90m    len = 135, map size = 90, exec speed = 3339 us
[0m[1;94m[*] [0mAttempting dry run with 'id:000082,orig:id:000182,src:000106+000020,op:splice,rep:64'...[0m
[1;90m    len = 8582, map size = 265, exec speed = 4205 us
[0m[1;94m[*] [0mAttempting dry run with 'id:000083,orig:id:000184,src:000106+000056,op:splice,rep:128'...[0m
[1;90m    len = 8605, map size = 156, exec speed = 3506 us
[0m[1;93m[!] [1;97mWARNING: [0mNo new instrumentation output, test case may be useless.[0m
[1;94m[*] [0mAttempting dry run with 'id:000084,orig:id:000185,src:000035+000182,op:splice,rep:64'...[0m
[1;90m    len = 17804, map size = 192, exec speed = 4296 us
[0m[1;94m[*] [0mAttempting dry run with 'id:000085,orig:id:000186,sync:ASAN000,src:000155'...[0m
[1;90m    len = 564, map size = 168, exec speed = 3577 us
[0m[1;94m[*] [0mAttempting dry run with 'id:000086,orig:id:000187,src:000077+000122,op:splice,rep:128'...[0m
[1;90m    len = 17395, map size = 156, exec speed = 4232 us
[0m[1;93m[!] [1;97mWARNING: [0mNo new instrumentation output, test case may be useless.[0m
[1;94m[*] [0mAttempting dry run with 'id:000087,orig:id:000188,sync:ASAN001,src:000161'...[0m
[1;90m    len = 17825, map size = 253, exec speed = 3854 us
[0m[1;94m[*] [0mAttempting dry run with 'id:000088,orig:id:000189,src:000106+000182,op:splice,rep:64,+cov'...[0m
[1;90m    len = 6920, map size = 278, exec speed = 4672 us
[0m[1;94m[*] [0mAttempting dry run with 'id:000089,orig:id:000190,src:000189+000081,op:splice,rep:128'...[0m
[1;90m    len = 9205, map size = 156, exec speed = 3500 us
[0m[1;93m[!] [1;97mWARNING: [0mNo new instrumentation output, test case may be useless.[0m
[1;92m[+] [0mAll test cases processed.[0m

[1;93m[!] [1;97mWARNING: [0mSome test cases are big (17.5 kB) - see /usr/local/share/doc/afl/perf_tips.txt.[0m
[1;93m[!] [1;97mWARNING: [0m[1;91mSome test cases look useless. Consider using a smaller set.[0m
[1;93m[!] [1;97mWARNING: [0mYou have lots of input files; try starting small.[0m
[1;92m[+] [0mHere are some useful stats:

[1;90m    Test case count : [0m31 favored, 0 variable, 90 total
[1;90m       Bitmap range : [0m87 to 309 bits (average: 172.01 bits)
[1;90m        Exec timing : [0m3231 to 5523 us (average: 3774 us)
[0m
[1;92m[+] [0mAll set and ready to roll![0m
[1;94m[*] [0mEntering queue cycle 1.[0m
[1;94m[*] [0mFuzzing test case #0 (90 total, 0 uniq crashes found)...[0m
[1;94m[*] [0mFuzzing test case #4 (130 total, 0 uniq crashes found)...[0m
[1;94m[*] [0mFuzzing test case #4 (129 total, 2 uniq crashes found)...[0m
[1;94m[*] [0mFuzzing test case #6 (133 total, 1 uniq crashes found)...[0m
[1;94m[*] [0mFuzzing test case #8 (133 total, 1 uniq crashes found)...[0m
[1;94m[*] [0mFuzzing test case #7 (132 total, 2 uniq crashes found)...[0m
[1;94m[*] [0mFuzzing test case #11 (139 total, 1 uniq crashes found)...[0m
[?25h[1;91m

+++ Testing aborted by user +++
[0m[1;92m[+] [0mWe're done here. Have a nice day!
[0m
[?25h[1;91m

+++ Testing aborted by user +++
[0m[1;92m[+] [0mWe're done here. Have a nice day!
[0m
