[0;36mafl-collect [1;37m1.32a[0m by rc0r <hlt99@blinkenshell.org> # @_rc0r
Crash sample collection and processing utility for afl-fuzz.

[1;32m[*] [0mGoing to collect crash samples from '/work/output/orthrus/.orthrus/jobs/routine/1089995536/afl-out'.
[1;32m[*] [0mFound 5 fuzzers, collecting crash samples.
[1;32m[*] [0mSuccessfully indexed 5 crash samples.
[1;33m[!] [0mRemoved 5 invalid crash samples from index.
[1;33m[!] [0mRemoved 0 timed out samples from index.
[1;32m[*] [0mGenerating intermediate gdb+exploitable script '/work/output/orthrus/.orthrus/jobs/routine/1089995536/exploitable/HARDEN/crashes/gdb_script.0' for 0 samples...
[1;32m[*] [0mGenerating intermediate gdb+exploitable script '/work/output/orthrus/.orthrus/jobs/routine/1089995536/exploitable/HARDEN/crashes/gdb_script.1' for 0 samples...
[1;32m[*] [0mGenerating intermediate gdb+exploitable script '/work/output/orthrus/.orthrus/jobs/routine/1089995536/exploitable/HARDEN/crashes/gdb_script.2' for 0 samples...
[1;32m[*] [0mGenerating intermediate gdb+exploitable script '/work/output/orthrus/.orthrus/jobs/routine/1089995536/exploitable/HARDEN/crashes/gdb_script.3' for 0 samples...
[1;32m[*] [0mExecuting gdb+exploitable script 'gdb_script.0'...
[1;32m[*] [0mExecuting gdb+exploitable script 'gdb_script.1'...
[1;32m[*] [0mExecuting gdb+exploitable script 'gdb_script.2'...
[1;32m[*] [0mExecuting gdb+exploitable script 'gdb_script.3'...
*** GDB+EXPLOITABLE SCRIPT OUTPUT ***
*** ***************************** ***
[1;33m[!] [0mRemoved 0 duplicate samples from index. Will continue with 0 remaining samples.
[1;32m[*] [0mGenerating final gdb+exploitable script '/work/output/orthrus/.orthrus/jobs/routine/1089995536/exploitable/HARDEN/crashes/gdb_script' for 0 samples...
[1;32m[*] [0mCopying 0 samples into output directory...
