0x401110 1
0x401125 1
0x401130 31
0x401140 1
0x401146 1
0x401160 7
0x401166 1
0x401170 2
0x401176 1
0x4011d0 3
0x4011d6 1
0x4011e0 10
0x4011e6 1
0x401200 1
0x401206 1
0x401210 6
0x401216 1
0x401220 1
0x401226 1
0x401260 2
0x401266 1
0x401270 2
0x401276 1
0x401290 1
0x401296 1
0x4012a0 1
0x4012a6 1
0x4012b0 6
0x4012b6 1
0x4012d0 1
0x4012d6 1
0x4012f0 1
0x4012f6 1
0x401300 8
0x401306 1
0x401310 2
0x401316 1
0x401330 11
0x401336 1
0x401350 6
0x401356 1
0x401360 2
0x401366 1
0x401380 11
0x401386 1
0x401390 5
0x401396 1
0x4013c0 4
0x4013c6 1
0x4013d0 1
0x4013d6 1
0x4013f0 32
0x4013f6 1
0x401420 4
0x401426 1
0x401440 5
0x401446 1
0x401450 3
0x401456 1
0x401460 1
0x401466 1
0x401470 2
0x401476 1
0x401480 4
0x401486 1
0x4014a0 1
0x4014d0 1
0x401500 1
0x401510 1
0x401548 1
0x401550 1
0x401559 1
0x401562 1
0x401570 1
0x40157b 1
0x4016ce 2
0x4016fc 2
0x401706 2
0x401751 2
0x40175c 1
0x40178b 1
0x40183f 2
0x40184a 2
0x401878 2
0x4019ab 15
0x4019f9 6
0x401a4c 1
0x401b95 1
0x401dc1 4
0x401e4e 17011
0x401e63 16955
0x401e6f 56
0x401e8c 28
0x401e98 28
0x401eb1 3
0x401ebd 25
0x401eda 3
0x401ee6 22
0x401f00 2
0x401f0c 20
0x401f31 20
0x401f4e 2
0x401fe8 2
0x401ff4 18
0x401ffe 1
0x402057 1
0x40206d 16
0x4020b3 16
0x4020cc 16
0x4020e2 1
0x4020e8 1
0x4020ea 17
0x40210a 15
0x402113 2
0x40213c 2
0x40215d 17011
0x402163 17008
0x402175 3
0x402197 1
0x4021be 1
0x4021d4 1
0x4021db 17014
0x4021e5 4
0x4021f0 3
0x402287 3
0x4022a0 1
0x40238f 1
0x4023b4 1
0x4023bf 1
0x4023d5 1
0x4023e1 1
0x4023f1 1
0x4025bf 3
0x40261f 3
0x40262d 3
0x402653 3
0x40273b 3
0x40275f 3
0x402769 3
0x402772 6
0x40277c 6
0x402786 6
0x40279e 1
0x4027aa 5
0x4027bc 3
0x4027c8 3
0x4027d2 6
0x4027d6 3
0x4027de 3
0x4036a0 1
0x4036ee 1
0x403705 1
0x404610 3
0x404673 3
0x404679 3
0x404682 1152
0x4046e6 3
0x4046ee 3
0x4046f1 3
0x40470a 2304
0x404735 830
0x40474a 1474
0x404755 133
0x40475f 2171
0x404763 3
0x40476b 3
0x404772 1
0x404879 1
0x40489e 1
0x4048d1 1
0x40491d 1
0x404942 1
0x4050fb 1
0x405102 1
0x405114 1
0x405128 1
0x405144 1
0x40516a 1
0x4051ff 1
0x405222 1
0x405357 1
0x405473 1
0x4054b2 1
0x4054c0 1
0x405525 1
0x40569c 1
0x405a1a 1
0x405a21 1
0x405a33 1
0x405a3d 1
0x405a4e 1
0x405a67 1
0x405a75 1
0x405a83 1
0x405b6e 1
0x405b7f 1
0x405b8e 1
0x405c41 1
0x405c71 1
0x405e38 1
0x405e69 1
0x405ef8 1
0x405f39 1
0x405f5d 1
0x405f6f 1
0x405f80 1
0x406837 1
0x406c0e 1
0x406e45 1
0x406f9e 1
0x4070a9 1
0x4070b2 1
0x4070e8 1
0x407119 1
0x40713e 1
0x40716f 1
0x40720b 1
0x40721f 1
0x407230 1
0x40724d 1
0x407251 1
0x40726e 1
0x407272 1
0x40728f 1
0x407293 1
0x4072a2 1
0x4072f7 1
0x4073e7 1
0x407494 1
0x4074ef 1
0x407504 1
0x407535 1
0x40754a 1
0x40755b 1
0x4075ce 1
0x40763c 1
0x4076a2 1
0x4076c6 1
0x4076e9 1
0x40774d 1
0x407899 1
0x4078b3 1
0x4078c1 1
0x407904 1
0x40794e 1
0x4079f4 3
0x407a59 3
0x407b0a 3
0x407b29 3
0x407bb1 3
0x407bc6 3
0x407be6 3
0x407c1f 3
0x407c41 3
0x407c52 1
0x407c74 1
0x407c7a 2
0x407c84 2
0x407cba 2
0x407cc7 2
0x407d01 1
0x407d0c 1
0x407d2a 1
0x407d6c 3
0x407dc3 3
0x407def 3
0x407e17 3
0x407e39 3
0x407e47 2
0x407e56 2
0x407e8a 2
0x407eaf 2
0x407ee3 3
0x407eec 3
0x407f0e 3
0x407f23 3
0x408003 4
0x408011 1
0x40801b 1
0x408039 1
0x40806d 1
0x408086 1
0x40808b 1
0x4080d0 1
0x4080e2 1
0x408157 1
0x408193 1
0x4081db 1
0x408252 1
0x4082ea 1
0x4083a0 1
0x4083e2 1
0x408483 1
0x408490 1
0x40849d 1
0x4084aa 1
0x4084d9 1
0x4084f8 1
0x408532 1
0x408562 1
0x408591 1
0x4085b4 1
0x4085d7 1
0x4085eb 1
0x408b10 1
0x408b1f 1
0x408b39 1
0x408b48 1
0x408b54 1
0x408b63 1
0x408b75 1
0x408b87 1
0x408b95 1
0x408ba2 1
0x408baf 1
0x408bee 1
0x408c58 1
0x408ca1 1
0x408ce5 1
0x408d10 1
0x408d34 1
0x408d6d 1
0x408dda 1
0x408e44 1
0x408e7f 1
0x408e91 1
0x408e9f 1
0x408eaa 1
0x409091 1
0x40910b 1
0x40914d 1
0x4091cf 1
0x4091dc 1
0x4091e9 1
0x409218 1
0x409237 1
0x409248 1
0x40926c 1
0x4092dd 1
0x409329 1
0x409330 1
0x409342 1
0x40984a 1
0x409857 1
0x409864 1
0x409871 1
0x40987e 1
0x40988c 1
0x40989a 1
0x4098a8 1
0x4098b9 1
0x4098dd 1
0x409912 1
0x409994 1
0x40999b 1
0x4099ad 1
0x4099bc 1
0x4099cb 1
0x4099dc 1
0x409a0d 1
0x409a3e 1
0x409a72 1
0x409aa2 1
0x409aff 1
0x409b5c 1
0x409b63 1
0x409b75 1
0x409b84 1
0x409b93 1
0x409ba2 1
0x409bac 1
0x409bb8 1
0x409bcc 1
0x409bce 2
0x409c17 2
0x409c3c 2
0x409c4a 2
0x409c6d 2
0x409c7f 2
0x409c98 2
0x409c9c 2
0x409d8a 2
0x409d9e 2
0x409f1e 2
0x409f75 2
0x409f9a 2
0x409fa8 2
0x409fcb 2
0x409fdd 2
0x409ff6 2
0x409ffa 2
0x40a32f 2
0x40a343 2
0x40a345 7
0x40a398 7
0x40a3b0 7
0x40a3b2 14
0x40a403 1
0x40a419 4
0x40a41e 1
0x40a430 4
0x40a43a 1
0x40a440 2
0x40a491 2
0x40a4b9 2
0x40a4c7 2
0x40a4e7 2
0x40a4f7 2
0x40a50d 2
0x40a511 1
0x40a51b 1
0x40a52b 1
0x40a53f 1
0x40a556 1
0x40a566 1
0x40a581 1
0x40a59e 1
0x40a5c9 1
0x40a5d7 1
0x40a5e6 1
0x40a619 1
0x40a645 1
0x40a68f 1
0x40a699 1
0x40a6d4 1
0x40a727 1
0x40a781 1
0x40a79f 1
0x40a7ae 1
0x40a7cc 1
0x40a806 1
0x40a818 1
0x40ac9d 1
0x40acad 1
0x40accb 1
0x40acda 1
0x40ad1c 1
0x40ad2b 1
0x40ad45 1
0x40ad81 1
0x40ada8 1
0x40adeb 1
0x40ae16 1
0x40ae36 1
0x40ae47 1
0x40ae72 1
0x40ae92 1
0x40ae97 1
0x40aeab 2
0x40af48 1
0x40af7c 1
0x40af91 1
0x40afa7 1
0x40afb3 1
0x40afcb 1
0x40aff5 2
0x40b020 2
0x40b03b 2
0x40b045 1
0x40b04e 1
0x40b058 1
0x40b070 1
0x40b07c 1
0x40b095 1
0x40b097 1
0x40b0e9 1
0x40b11a 1
0x40b147 1
0x40b16c 1
0x40b18a 1
0x40b197 1
0x40b1b5 1
0x40b1d3 1
0x40b201 1
0x40b21f 1
0x40b240 1
0x40b269 1
0x40b2aa 1
0x40b305 1
0x40b322 1
0x40b334 1
0x40b389 1
0x40b3a6 1
0x40b47b 1
0x40b61a 1
0x40b62c 1
0x40b640 1
0x40b65c 1
0x40b6b8 1
0x40b6f2 1
0x40b70d 1
0x40b818 1
0x40b927 1
0x40b938 1
0x40b94c 1
0x40b968 1
0x40b9d7 1
0x40b9f2 1
0x40ba13 1
0x40ba2d 1
0x40ba41 1
0x40ba5d 1
0x40bacc 1
0x40bbd7 1
0x40bc9e 1
0x40bcb2 1
0x40bcf6 1
0x40bd17 1
0x40bd21 1
0x40bd44 1
0x40bd70 1
0x40bd93 1
0x40bdcf 1
0x40be06 1
0x40be15 1
0x40be32 1
0x40be41 1
0x40be5a 1
0x40f565 10
0x40f57e 2304
0x40f69a 2304
0x40f7b2 2304
0x40f860 10
0x40f875 10
0x40f878 10
0x40f891 2304
0x40f93f 10
0x40f954 10
0x40f957 1
0x40f96f 10
0x40fa11 1
0x40fa1b 1
0x40fa2a 1
0x40fa31 1
0x40fa3c 1
0x40fa5e 1
0x40fa69 1
0x40fb0b 1
0x40fb4e 1
0x40fb84 1
0x40fbc8 1
0x40fbcf 1
0x40fbe7 1
0x40fbf3 1
0x40fc4f 1
0x40fc56 2304
0x40fc6b 2
0x40fc93 2
0x40fcab 2
0x40fcc6 2
0x40fd13 2
0x40fd2c 2
0x40fd45 2
0x40fd4a 5
0x40fd71 2
0x40fdac 2
0x40fdbb 3
0x40fde9 2
0x40fe33 5
0x40fe7d 5
0x40fed4 5
0x40ff2b 5
0x40ff75 32
0x40ff92 32
0x40ffc7 32
0x40ffdf 5
0x40ffec 5
0x410007 70
0x41001c 70
0x41003a 70
0x410061 70
0x410084 70
0x4100ab 70
0x4100ce 70
0x4100f5 70
0x410118 70
0x41013f 70
0x410162 70
0x410189 70
0x4101ac 70
0x4101d3 70
0x4101f6 70
0x41021d 70
0x410240 70
0x410273 70
0x410291 70
0x4102b8 70
0x4102db 70
0x410302 70
0x410325 70
0x41034c 70
0x41036f 70
0x410396 70
0x4103b9 70
0x4103e0 70
0x410403 70
0x41042a 70
0x41044d 70
0x410474 70
0x410497 70
0x4104b5 5
0x4104c6 5
0x410502 1
0x410547 1
0x41056e 1
0x410585 1
0x4105df 1
0x410602 1
0x410625 1
0x410648 1
0x410653 4
0x410670 7
0x41067b 2
0x410752 2
0x410777 2
0x41079c 2
0x4107a3 1
0x4107c4 12000
0x4107e1 1
0x4107eb 1
0x4107fe 1
0x410806 1
0x41082a 1
0x41083b 1
0x41084c 12000
0x410871 12000
0x410884 1
0x41088e 1
0x4108b2 1
0x4108d0 1
0x4108e7 1
0x4108f9 12000
0x410933 1
0x41093c 1
0x410948 10
0x4109ea 1
0x4109f4 1
0x410aa0 1
0x410ad1 1
0x410ad6 1
0x410aed 1
0x410af6 1
0x410b30 1
