[0;36mafl-fuzz [1;97m2.52b[0m by <lcamtuf@google.com>
[1;92m[+] [0mLooks like we're not running on a tty, so I'll be a bit less verbose.[0m
[1;92m[+] [0mYou have 4 CPU cores and 3 runnable tasks (utilization: 75%).[0m
[1;92m[+] [0mTry parallel jobs - see docs/parallel_fuzzing.txt.[0m
[1;94m[*] [0mChecking CPU core loadout...[0m
[1;92m[+] [0mFound a free CPU core, binding to #0.[0m
[1;94m[*] [0mChecking core_pattern...[0m
[1;94m[*] [0mChecking CPU scaling governor...[0m
[1;94m[*] [0mSetting up output directories...[0m
[1;94m[*] [0mScanning '/data/output/tfuzz/fuzzing_mp3gain_tfuzz/mp3gain_tfuzz/input'...[0m
[1;92m[+] [0mNo auto-generated dictionary tokens to reuse.[0m
[1;94m[*] [0mCreating hard links for all input files...[0m
[1;94m[*] [0mLoading extra dictionary from '/data/output/tfuzz/mp3gain.dict' (level 0)...[0m
[1;92m[+] [0mLoaded 162 extra tokens, size range 1 B to 63 B.[0m
[1;93m[!] [1;97mWARNING: [0mSome tokens are relatively large (63 B) - consider trimming.[0m
[1;94m[*] [0mValidating target binary...[0m
[1;94m[*] [0mAttempting dry run with 'id:000000,orig:seed-0'...[0m
[1;94m[*] [0mSpinning up the fork server...[0m
[1;92m[+] [0mAll right - fork server is up.[0m
[1;90m    len = 8922, map size = 214, exec speed = 777 us
[0m[1;94m[*] [0mAttempting dry run with 'id:000001,orig:seed-1'...[0m
[1;90m    len = 17889, map size = 225, exec speed = 761 us
[0m[1;94m[*] [0mAttempting dry run with 'id:000002,orig:seed-2'...[0m
[1;90m    len = 3960, map size = 213, exec speed = 753 us
[0m[1;94m[*] [0mAttempting dry run with 'id:000003,orig:seed-3'...[0m
[1;90m    len = 18064, map size = 214, exec speed = 769 us
[0m[1;93m[!] [1;97mWARNING: [0mNo new instrumentation output, test case may be useless.[0m
[1;94m[*] [0mAttempting dry run with 'id:000004,orig:seed-4'...[0m
[1;90m    len = 18094, map size = 213, exec speed = 760 us
[0m[1;93m[!] [1;97mWARNING: [0mNo new instrumentation output, test case may be useless.[0m
[1;94m[*] [0mAttempting dry run with 'id:000005,orig:seed-5'...[0m
[1;90m    len = 8921, map size = 213, exec speed = 761 us
[0m[1;93m[!] [1;97mWARNING: [0mNo new instrumentation output, test case may be useless.[0m
[1;94m[*] [0mAttempting dry run with 'id:000006,orig:seed-6'...[0m
[1;90m    len = 5430, map size = 213, exec speed = 736 us
[0m[1;93m[!] [1;97mWARNING: [0mNo new instrumentation output, test case may be useless.[0m
[1;94m[*] [0mAttempting dry run with 'id:000007,orig:seed-7'...[0m
[1;90m    len = 18081, map size = 214, exec speed = 745 us
[0m[1;93m[!] [1;97mWARNING: [0mNo new instrumentation output, test case may be useless.[0m
[1;92m[+] [0mAll test cases processed.[0m

[1;93m[!] [1;97mWARNING: [0mSome test cases are big (17.7 kB) - see docs/perf_tips.txt.[0m
[1;93m[!] [1;97mWARNING: [0m[1;91mSome test cases look useless. Consider using a smaller set.[0m
[1;92m[+] [0mHere are some useful stats:

[1;90m    Test case count : [0m2 favored, 0 variable, 8 total
[1;90m       Bitmap range : [0m213 to 225 bits (average: 214.88 bits)
[1;90m        Exec timing : [0m736 to 777 us (average: 758 us)
[0m
[1;94m[*] [0mNo -t option specified, so I'll use exec timeout of 20 ms.[0m
[1;92m[+] [0mAll set and ready to roll![0m
[1;94m[*] [0mEntering queue cycle 1.[0m
[1;94m[*] [0mFuzzing test case #1 (8 total, 0 uniq crashes found)...[0m
[1;94m[*] [0mFuzzing test case #2 (179 total, 1 uniq crashes found)...[0m
[1;94m[*] [0mFuzzing test case #13 (202 total, 1 uniq crashes found)...[0m
[1;94m[*] [0mFuzzing test case #19 (204 total, 2 uniq crashes found)...[0m
[1;94m[*] [0mFuzzing test case #20 (204 total, 3 uniq crashes found)...[0m
[1;94m[*] [0mFuzzing test case #30 (204 total, 3 uniq crashes found)...[0m
[1;94m[*] [0mFuzzing test case #37 (204 total, 3 uniq crashes found)...[0m
[1;94m[*] [0mFuzzing test case #45 (206 total, 4 uniq crashes found)...[0m
[1;94m[*] [0mFuzzing test case #46 (206 total, 5 uniq crashes found)...[0m
[1;94m[*] [0mFuzzing test case #50 (206 total, 5 uniq crashes found)...[0m
[1;94m[*] [0mFuzzing test case #59 (207 total, 5 uniq crashes found)...[0m
[1;94m[*] [0mFuzzing test case #61 (209 total, 5 uniq crashes found)...[0m
[1;94m[*] [0mFuzzing test case #62 (211 total, 6 uniq crashes found)...[0m
[1;94m[*] [0mFuzzing test case #71 (211 total, 7 uniq crashes found)...[0m
[1;94m[*] [0mFuzzing test case #73 (211 total, 7 uniq crashes found)...[0m
[1;94m[*] [0mFuzzing test case #78 (212 total, 8 uniq crashes found)...[0m
[1;94m[*] [0mFuzzing test case #79 (213 total, 9 uniq crashes found)...[0m
[1;94m[*] [0mFuzzing test case #86 (214 total, 10 uniq crashes found)...[0m
[1;94m[*] [0mFuzzing test case #87 (214 total, 10 uniq crashes found)...[0m
[1;94m[*] [0mFuzzing test case #88 (214 total, 10 uniq crashes found)...[0m
[1;94m[*] [0mFuzzing test case #94 (214 total, 10 uniq crashes found)...[0m
[1;94m[*] [0mFuzzing test case #96 (216 total, 10 uniq crashes found)...[0m
[1;94m[*] [0mFuzzing test case #101 (217 total, 11 uniq crashes found)...[0m
[1;94m[*] [0mFuzzing test case #121 (217 total, 11 uniq crashes found)...[0m
[1;94m[*] [0mFuzzing test case #125 (217 total, 11 uniq crashes found)...[0m
[1;94m[*] [0mFuzzing test case #134 (218 total, 11 uniq crashes found)...[0m
[1;94m[*] [0mFuzzing test case #150 (219 total, 11 uniq crashes found)...[0m
[1;94m[*] [0mFuzzing test case #154 (219 total, 11 uniq crashes found)...[0m
[1;94m[*] [0mFuzzing test case #159 (228 total, 11 uniq crashes found)...[0m
[1;94m[*] [0mFuzzing test case #161 (234 total, 11 uniq crashes found)...[0m
[1;94m[*] [0mFuzzing test case #165 (250 total, 11 uniq crashes found)...[0m
[1;94m[*] [0mFuzzing test case #177 (250 total, 11 uniq crashes found)...[0m
[1;94m[*] [0mFuzzing test case #178 (253 total, 11 uniq crashes found)...[0m
